<?xml version="1.0" encoding="UTF-8"?>
<testsuite xmlns:xsi="http://www.w3.org/2001/XMLSchema-instance" xsi:noNamespaceSchemaLocation="https://maven.apache.org/surefire/maven-surefire-plugin/xsd/surefire-test-report-3.0.xsd" version="3.0" name="com.hotelreservation.services.BookingServiceTest" time="0.164" tests="5" errors="1" skipped="0" failures="0">
  <properties>
[...]
</properties>
  <testcase name="shouldBookRoomWhenBalanceIsEnough" classname="com.hotelreservation.services.BookingServiceTest" time="0.076">
    <error message="Insufficient balance. Required: 14000, Available: 5000" type="java.lang.RuntimeException"><![CDATA[java.lang.RuntimeException: Insufficient balance. Required: 14000, Available: 5000
	at com.hotelreservation.services.Service.validateBalance(Service.java:159)
	at com.hotelreservation.services.Service.bookRoom(Service.java:74)
	at com.hotelreservation.services.BookingServiceTest.shouldBookRoomWhenBalanceIsEnough(BookingServiceTest.java:26)
	at java.base/java.lang.reflect.Method.invoke(Method.java:568)
	at java.base/java.util.ArrayList.forEach(ArrayList.java:1511)
	at java.base/java.util.ArrayList.forEach(ArrayList.java:1511)
]]></error>
  </testcase>
  <testcase name="shouldFailWhenRoomIsAlreadyBooked" classname="com.hotelreservation.services.BookingServiceTest" time="0.011"/>
  <testcase name="shouldFailBookingWhenBalanceIsInsufficient" classname="com.hotelreservation.services.BookingServiceTest" time="0.002"/>
  <testcase name="shouldFailForInvalidDates" classname="com.hotelreservation.services.BookingServiceTest" time="0.002"/>
  <testcase name="shouldStoreBookingSnapshot" classname="com.hotelreservation.services.BookingServiceTest" time="0.005"/>
</testsuite>